[01:00:42] [Client thread/INFO]: Setting user: Player390
[01:00:42] [Client thread/INFO]: (Session ID is token:0:Player390)
[01:00:43] [Client thread/INFO]: LWJGL Version: 2.9.4
[01:00:43] [Client thread/INFO]: Reloading ResourceManager: Default
[01:00:44] [Sound Library Loader/INFO]: Starting up SoundSystem...
[01:00:44] [Thread-8/INFO]: Initializing LWJGL OpenAL
[01:00:44] [Thread-8/INFO]: (The LWJGL binding of OpenAL.  For more information, see http://www.lwjgl.org)
[01:00:44] [Thread-8/ERROR]: Error in class 'LibraryLWJGLOpenAL'
[01:00:44] [Thread-8/ERROR]: Unable to initialize OpenAL.  Probable cause: OpenAL not supported.
[01:00:44] [Thread-8/WARN]: ERROR MESSAGE:
[01:00:44] [Thread-8/INFO]: Could not locate OpenAL library.
[01:00:44] [Thread-8/WARN]: STACK TRACE:
[01:00:44] [Thread-8/INFO]: org.lwjgl.openal.AL.create(AL.java:156)
[01:00:44] [Thread-8/INFO]: org.lwjgl.openal.AL.create(AL.java:102)
[01:00:44] [Thread-8/INFO]: org.lwjgl.openal.AL.create(AL.java:206)
[01:00:44] [Thread-8/INFO]: paulscode.sound.libraries.LibraryLWJGLOpenAL.init(LibraryLWJGLOpenAL.java:164)
[01:00:44] [Thread-8/INFO]: paulscode.sound.SoundSystem.CommandNewLibrary(SoundSystem.java:1576)
[01:00:44] [Thread-8/INFO]: paulscode.sound.SoundSystem.CommandQueue(SoundSystem.java:2572)
[01:00:44] [Thread-8/INFO]: paulscode.sound.CommandThread.run(CommandThread.java:121)
[01:00:44] [Sound Library Loader/WARN]: ERROR MESSAGE:
[01:00:44] [Sound Library Loader/INFO]: Could not locate OpenAL library.
[01:00:44] [Sound Library Loader/INFO]: Starting up SoundSystem...
[01:00:45] [Thread-10/INFO]: Switching to No Sound
[01:00:45] [Thread-10/INFO]: (Silent Mode)
[01:00:45] [Sound Library Loader/INFO]: Sound engine started
[01:00:45] [Client thread/INFO]: Created: 1024x512 textures-atlas
[01:00:50] [Server thread/INFO]: Starting integrated minecraft server version 1.8.8
[01:00:50] [Server thread/INFO]: Generating keypair
[01:00:50] [Server thread/INFO]: Preparing start region for level 0
[01:00:51] [Server thread/INFO]: Changing view distance to 8, from 10
[01:00:51] [Server thread/INFO]: Player390[local:E:881444ea] logged in with entity id 63 at (-230.49793750636627, 68.0, 384.1504362526973)
[01:00:51] [Server thread/INFO]: Player390 joined the game
[01:00:52] [Server thread/INFO]: Saving and pausing game...
[01:00:52] [Server thread/INFO]: Saving chunks for level 'mcpworld'/Overworld
[01:00:52] [Server thread/INFO]: Saving chunks for level 'mcpworld'/Nether
[01:00:52] [Server thread/INFO]: Saving chunks for level 'mcpworld'/The End
[01:00:52] [Chunk Batcher 1/WARN]: Biome ID is out of bounds: 2049, defaulting to 0 (Ocean)
[01:00:52] [Chunk Batcher 1/WARN]: Biome ID is out of bounds: 2049, defaulting to 0 (Ocean)
[01:00:52] [Chunk Batcher 1/WARN]: Biome ID is out of bounds: 2563, defaulting to 0 (Ocean)
[01:00:52] [Chunk Batcher 1/WARN]: Biome ID is out of bounds: 2049, defaulting to 0 (Ocean)
[01:00:52] [Chunk Batcher 1/WARN]: Biome ID is out of bounds: 2049, defaulting to 0 (Ocean)
[01:00:52] [Chunk Batcher 1/WARN]: Biome ID is out of bounds: 2563, defaulting to 0 (Ocean)
[01:00:52] [Chunk Batcher 1/WARN]: Biome ID is out of bounds: 2563, defaulting to 0 (Ocean)
[01:00:52] [Chunk Batcher 1/WARN]: Biome ID is out of bounds: 2563, defaulting to 0 (Ocean)
[01:00:52] [Chunk Batcher 1/WARN]: Biome ID is out of bounds: 2049, defaulting to 0 (Ocean)
[01:00:52] [Chunk Batcher 1/WARN]: Biome ID is out of bounds: 2049, defaulting to 0 (Ocean)
[01:00:52] [Chunk Batcher 1/WARN]: Biome ID is out of bounds: 2049, defaulting to 0 (Ocean)
[01:00:52] [Chunk Batcher 1/WARN]: Biome ID is out of bounds: 2049, defaulting to 0 (Ocean)
[01:00:52] [Chunk Batcher 1/WARN]: Biome ID is out of bounds: 2049, defaulting to 0 (Ocean)
[01:00:52] [Chunk Batcher 1/WARN]: Biome ID is out of bounds: 2049, defaulting to 0 (Ocean)
[01:00:52] [Chunk Batcher 1/WARN]: Biome ID is out of bounds: 2049, defaulting to 0 (Ocean)
[01:00:52] [Chunk Batcher 1/WARN]: Biome ID is out of bounds: 2049, defaulting to 0 (Ocean)
[01:00:52] [Chunk Batcher 1/WARN]: Biome ID is out of bounds: 2049, defaulting to 0 (Ocean)
[01:00:52] [Chunk Batcher 1/WARN]: Biome ID is out of bounds: 2049, defaulting to 0 (Ocean)
[01:01:05] [Server thread/INFO]: Saving and pausing game...
[01:01:05] [Server thread/INFO]: Saving chunks for level 'mcpworld'/Overworld
[01:01:05] [Server thread/INFO]: Saving chunks for level 'mcpworld'/Nether
[01:01:05] [Server thread/INFO]: Saving chunks for level 'mcpworld'/The End
[01:01:15] [Server thread/INFO]: Saving and pausing game...
[01:01:15] [Server thread/INFO]: Saving chunks for level 'mcpworld'/Overworld
[01:01:15] [Server thread/INFO]: Saving chunks for level 'mcpworld'/Nether
[01:01:15] [Server thread/INFO]: Saving chunks for level 'mcpworld'/The End
[01:01:27] [Server thread/INFO]: Saving and pausing game...
[01:01:27] [Server thread/INFO]: Saving chunks for level 'mcpworld'/Overworld
[01:01:27] [Server thread/INFO]: Saving chunks for level 'mcpworld'/Nether
[01:01:27] [Server thread/INFO]: Saving chunks for level 'mcpworld'/The End
[01:01:37] [Server thread/INFO]: Saving and pausing game...
[01:01:37] [Server thread/INFO]: Saving chunks for level 'mcpworld'/Overworld
[01:01:37] [Server thread/INFO]: Saving chunks for level 'mcpworld'/Nether
[01:01:37] [Server thread/INFO]: Saving chunks for level 'mcpworld'/The End
[01:02:03] [Server thread/INFO]: Saving and pausing game...
[01:02:03] [Server thread/INFO]: Saving chunks for level 'mcpworld'/Overworld
[01:02:03] [Server thread/INFO]: Saving chunks for level 'mcpworld'/Nether
[01:02:03] [Server thread/INFO]: Saving chunks for level 'mcpworld'/The End
[01:02:43] [Server thread/INFO]: Saving and pausing game...
[01:02:43] [Server thread/INFO]: Saving chunks for level 'mcpworld'/Overworld
[01:02:44] [Server thread/INFO]: Saving chunks for level 'mcpworld'/Nether
[01:02:44] [Server thread/INFO]: Saving chunks for level 'mcpworld'/The End
[01:03:20] [Server thread/INFO]: Saving and pausing game...
[01:03:20] [Server thread/INFO]: Saving chunks for level 'mcpworld'/Overworld
[01:03:20] [Server thread/INFO]: Saving chunks for level 'mcpworld'/Nether
[01:03:20] [Server thread/INFO]: Saving chunks for level 'mcpworld'/The End
[01:04:03] [Client thread/INFO]: Stopping!
[01:04:03] [Client thread/INFO]: SoundSystem shutting down...
[01:04:03] [Server thread/INFO]: Stopping server
[01:04:03] [Server thread/INFO]: Saving players
[01:04:03] [Server thread/INFO]: Saving worlds
[01:04:03] [Server thread/INFO]: Saving chunks for level 'mcpworld'/Overworld
[01:04:03] [Server thread/INFO]: Saving chunks for level 'mcpworld'/Nether
[01:04:03] [Server thread/INFO]: Saving chunks for level 'mcpworld'/The End
[01:04:03] [Client thread/WARN]: Author: Paul Lamb, www.paulscode.com
 [Thread-7/ERROR]: Unable to initialize OpenAL.  Probable cause: OpenAL not supported.
[01:04:03] [Thread-7/WARN]: ERROR MESSAGE:
[01:04:03] [Thread-7/INFO]: Could not locate OpenAL library.
[01:04:03] [Thread-7/WARN]: STACK TRACE:
[01:04:03] [Thread-7/INFO]: org.lwjgl.openal.AL.create(AL.java:156)
[01:04:03] [Thread-7/INFO]: org.lwjgl.openal.AL.create(AL.java:102)
[01:04:03] [Thread-7/INFO]: org.lwjgl.openal.AL.create(AL.java:206)
[01:04:03] [Thread-7/INFO]: paulscode.sound.libraries.LibraryLWJGLOpenAL.init(LibraryLWJGLOpenAL.java:164)
[01:04:03] [Thread-7/INFO]: paulscode.sound.SoundSystem.CommandNewLibrary(SoundSystem.java:1576)
[01:04:03] [Thread-7/INFO]: paulscode.sound.SoundSystem.CommandQueue(SoundSystem.java:2572)
[01:04:03] [Thread-7/INFO]: paulscode.sound.CommandThread.run(CommandThread.java:121)
[01:04:03] [Sound Library Loader/WARN]: ERROR MESSAGE:
[01:04:03] [Sound Library Loader/INFO]: Could not locate OpenAL library.
[01:04:03] [Sound Library Loader/INFO]: Starting up SoundSystem...
[01:04:04] [Thread-9/INFO]: Switching to No Sound
[01:04:04] [Thread-9/INFO]: (Silent Mode)
[01:04:04] [Sound Library Loader/INFO]: Sound engine started
[01:04:04] [Client thread/INFO]: Created: 1024x512 textures-atlas
[01:04:10] [Server thread/INFO]: Starting integrated minecraft server version 1.8.8
[01:04:10] [Server thread/INFO]: Generating keypair
[01:04:10] [Server thread/INFO]: Preparing start region for level 0
[01:04:10] [Server thread/INFO]: Changing view distance to 8, from 10
[01:04:10] [Server thread/INFO]: Player109[local:E:18a7a0e5] logged in with entity id 63 at (-150.2482536541813, 68.10408037809304, 184.307922038273)
[01:04:10] [Server thread/INFO]: Player109 joined the game
[01:04:11] [Server thread/INFO]: Saving and pausing game...
[01:04:11] [Server thread/INFO]: Saving chunks for level 'mcpworld'/Overworld
[01:04:11] [Server thread/INFO]: Saving chunks for level 'mcpworld'/Nether
[01:04:11] [Server thread/INFO]: Saving chunks for level 'mcpworld'/The End
[01:04:29] [Server thread/INFO]: Saving and pausing game...
[01:04:29] [Server thread/INFO]: Saving chunks for level 'mcpworld'/Overworld
[01:04:29] [Server thread/INFO]: Saving chunks for level 'mcpworld'/Nether
[01:04:29] [Server thread/INFO]: Saving chunks for level 'mcpworld'/The End
[01:05:13] [Server thread/INFO]: Saving and pausing game...
[01:05:13] [Server thread/INFO]: Saving chunks for level 'mcpworld'/Overworld
[01:05:13] [Server thread/INFO]: Saving chunks for level 'mcpworld'/Nether
[01:05:13] [Server thread/INFO]: Saving chunks for level 'mcpworld'/The End
[01:05:36] [Client thread/INFO]: Stopping!
[01:05:36] [Client thread/INFO]: SoundSystem shutting down...
[01:05:37] [Server [01:05:37] [Client thread/INFO]: LWJGL Version: 2.9.4
[01:05:37] [Client thread/INFO]: Reloading ResourceManager: Default
[01:05:38] [Sound Library Loader/INFO]: Starting up SoundSystem...
[01:05:38] [Thread-7/INFO]: Initializing LWJGL OpenAL
[01:05:38] [Thread-7/INFO]: (The LWJGL binding of OpenAL.  For more information, see http://www.lwjgl.org)
[01:05:38] [Thread-7/ERROR]: Error in class 'LibraryLWJGLOpenAL'
[01:05:38] [Thread-7/ERROR]: Unable to initialize OpenAL.  Probable cause: OpenAL not supported.
[01:05:38] [Thread-7/WARN]: ERROR MESSAGE:
[01:05:38] [Thread-7/INFO]: Could not locate OpenAL library.
[01:05:38] [Thread-7/WARN]: STACK TRACE:
[01:05:38] [Thread-7/INFO]: org.lwjgl.openal.AL.create(AL.java:156)
[01:05:38] [Thread-7/INFO]: org.lwjgl.openal.AL.create(AL.java:102)
[01:05:38] [Thread-7/INFO]: org.lwjgl.openal.AL.create(AL.java:206)
[01:05:38] [Thread-7/INFO]: paulscode.sound.libraries.LibraryLWJGLOpenAL.init(LibraryLWJGLOpenAL.java:164)
[01:05:38] [Thread-7/INFO]: paulscode.sound.SoundSystem.CommandNewLibrary(SoundSystem.java:1576)
[01:05:38] [Thread-7/INFO]: paulscode.sound.SoundSystem.CommandQueue(SoundSystem.java:2572)
[01:05:38] [Thread-7/INFO]: paulscode.sound.CommandThread.run(CommandThread.java:121)
[01:05:38] [Sound Library Loader/WARN]: ERROR MESSAGE:
[01:05:38] [Sound Library Loader/INFO]: Could not locate OpenAL library.
[01:05:38] [Sound Library Loader/INFO]: Starting up SoundSystem...
[01:05:39] [Thread-9/INFO]: Switching to No Sound
[01:05:39] [Thread-9/INFO]: (Silent Mode)
[01:05:39] [Sound Library Loader/INFO]: Sound engine started
[01:05:39] [Client thread/INFO]: Created: 1024x512 textures-atlas
[01:05:44] [Server thread/INFO]: Starting integrated minecraft server version 1.8.8
[01:05:44] [Server thread/INFO]: Generating keypair
[01:05:44] [Server thread/INFO]: Preparing start region for level 0
[01:05:44] [Server thread/INFO]: Changing view distance to 8, from 10
[01:05:44] [Server thread/INFO]: Player312[local:E:44565e37] logged in with entity id 63 at (-242.48290494573135, 65.0155550727022, 320.2125602015712)
[01:05:44] [Server thread/INFO]: Player312 joined the game
[01:05:53] [Server thread/INFO]: Saving and pausing game...
[01:05:53] [Server thread/INFO]: Saving chunks for level 'mcpworld'/Overworld
[01:05:53] [Server thread/INFO]: Saving chunks for level 'mcpworld'/Nether
[01:05:53] [Server thread/INFO]: Saving chunks for level 'mcpworld'/The End
[01:06:05] [Server thread/INFO]: Saving and pausing game...
[01:06:05] [Server thread/INFO]: Saving chunks for level 'mcpworld'/Overworld
[01:06:05] [Server thread/INFO]: Saving chunks for level 'mcpworld'/Nether
[01:06:05] [Server thread/INFO]: Saving chunks for level 'mcpworld'/The End
[01:06:22] [Server thread/INFO]: Saving and pausing game...
[01:06:22] [Server thread/INFO]: Saving chunks for level 'mcpworld'/Overworld
[01:06:22] [Server thread/INFO]: Saving chunks for level 'mcpworld'/Nether
[01:06:22] [Server thread/INFO]: Saving chunks for level 'mcpworld'/The End
