[19:03:44] [Client thread/INFO]: Setting user: Player500
[19:03:44] [Client thread/INFO]: (Session ID is token:0:Player500)
[19:03:44] [Client thread/INFO]: LWJGL Version: 2.9.4
[19:03:45] [Client thread/INFO]: Reloading ResourceManager: Default
[19:03:45] [Sound Library Loader/INFO]: Starting up SoundSystem...
[19:03:45] [Thread-7/INFO]: Initializing LWJGL OpenAL
[19:03:45] [Thread-7/INFO]: (The LWJGL binding of OpenAL.  For more information, see http://www.lwjgl.org)
[19:03:45] [Thread-7/ERROR]: Error in class 'LibraryLWJGLOpenAL'
[19:03:45] [Thread-7/ERROR]: Unable to initialize OpenAL.  Probable cause: OpenAL not supported.
[19:03:45] [Thread-7/WARN]: ERROR MESSAGE:
[19:03:45] [Thread-7/INFO]: Could not locate OpenAL library.
[19:03:45] [Thread-7/WARN]: STACK TRACE:
[19:03:45] [Thread-7/INFO]: org.lwjgl.openal.AL.create(AL.java:156)
[19:03:45] [Thread-7/INFO]: org.lwjgl.openal.AL.create(AL.java:102)
[19:03:45] [Thread-7/INFO]: org.lwjgl.openal.AL.create(AL.java:206)
[19:03:45] [Thread-7/INFO]: paulscode.sound.libraries.LibraryLWJGLOpenAL.init(LibraryLWJGLOpenAL.java:164)
[19:03:45] [Thread-7/INFO]: paulscode.sound.SoundSystem.CommandNewLibrary(SoundSystem.java:1576)
[19:03:45] [Thread-7/INFO]: paulscode.sound.SoundSystem.CommandQueue(SoundSystem.java:2572)
[19:03:45] [Thread-7/INFO]: paulscode.sound.CommandThread.run(CommandThread.java:121)
[19:03:45] [Sound Library Loader/WARN]: ERROR MESSAGE:
[19:03:45] [Sound Library Loader/INFO]: Could not locate OpenAL library.
[19:03:45] [Sound Library Loader/INFO]: Starting up SoundSystem...
[19:03:46] [Thread-9/INFO]: Switching to No Sound
[19:03:46] [Thread-9/INFO]: (Silent Mode)
[19:03:46] [Sound Library Loader/INFO]: Sound engine started
[19:03:46] [Client thread/INFO]: Created: 1024x512 textures-atlas
[19:03:49] [Server thread/INFO]: Starting integrated minecraft server version 1.8.8
[19:03:49] [Server thread/INFO]: Generating keypair
[19:03:49] [Server thread/INFO]: Preparing start region for level 0
[19:03:49] [Server thread/INFO]: Changing view distance to 8, from 10
[19:03:49] [Server thread/INFO]: Player500[local:E:18bb09f2] logged in with entity id 94 at (608.564986748953, 67.58991619473963, 400.30000001192093)
[19:03:49] [Server thread/INFO]: Player500 joined the game
[19:03:50] [Server thread/INFO]: Saving and pausing game...
[19:03:50] [Server thread/INFO]: Saving chunks for level 'mcpworld'/Overworld
[19:03:50] [Server thread/INFO]: Saving chunks for level 'mcpworld'/Nether
[19:03:50] [Server thread/INFO]: Saving chunks for level 'mcpworld'/The End
[19:04:40] [Server thread/INFO]: Saving and pausing game...
[19:04:40] [Server thread/INFO]: Saving chunks for level 'mcpworld'/Overworld
[19:04:40] [Server thread/INFO]: Saving chunks for level 'mcpworld'/Nether
[19:04:40] [Server thread/INFO]: Saving chunks for level 'mcpworld'/The End
[19:04:46] [Client thread/INFO]: Stopping!
[19:04:46] [Client thread/INFO]: SoundSystem shutting down...
[19:04:46] [Server thread/INFO]: Stopping server
[19:04:46] [Server thread/INFO]: Saving players
[19:04:46] [Server thread/INFO]: Saving worlds
[19:04:46] [Server thread/INFO]: Saving chunks for level 'mcpworld'/Overworld
[19:04:46] [Server thread/INFO]: Saving chunks for level 'mcpworld'/Nether
[19:04:46] [Server thread/INFO]: Saving chunks for level 'mcpworld'/The End
[19:04:46] [Client thread/WARN]: Author: Paul Lamb, www.paulscode.com
lient thread/INFO]: (Session ID is token:0:Player125)
[19:04:47] [Client thread/INFO]: LWJGL Version: 2.9.4
[19:04:47] [Client thread/INFO]: Reloading ResourceManager: Default
[19:04:47] [Sound Library Loader/INFO]: Starting up SoundSystem...
[19:04:47] [Thread-6/INFO]: Initializing LWJGL OpenAL
[19:04:47] [Thread-6/INFO]: (The LWJGL binding of OpenAL.  For more information, see http://www.lwjgl.org)
[19:04:47] [Thread-6/ERROR]: Error in class 'LibraryLWJGLOpenAL'
[19:04:47] [Thread-6/ERROR]: Unable to initialize OpenAL.  Probable cause: OpenAL not supported.
[19:04:47] [Thread-6/WARN]: ERROR MESSAGE:
[19:04:47] [Thread-6/INFO]: Could not locate OpenAL library.
[19:04:47] [Thread-6/WARN]: STACK TRACE:
[19:04:47] [Thread-6/INFO]: org.lwjgl.openal.AL.create(AL.java:156)
[19:04:47] [Thread-6/INFO]: org.lwjgl.openal.AL.create(AL.java:102)
[19:04:47] [Thread-6/INFO]: org.lwjgl.openal.AL.create(AL.java:206)
[19:04:47] [Thread-6/INFO]: paulscode.sound.libraries.LibraryLWJGLOpenAL.init(LibraryLWJGLOpenAL.java:164)
[19:04:47] [Thread-6/INFO]: paulscode.sound.SoundSystem.CommandNewLibrary(SoundSystem.java:1576)
[19:04:47] [Thread-6/INFO]: paulscode.sound.SoundSystem.CommandQueue(SoundSystem.java:2572)
[19:04:47] [Thread-6/INFO]: paulscode.sound.CommandThread.run(CommandThread.java:121)
[19:04:48] [Sound Library Loader/WARN]: ERROR MESSAGE:
[19:04:48] [Sound Library Loader/INFO]: Could not locate OpenAL library.
[19:04:48] [Sound Library Loader/INFO]: Starting up SoundSystem...
[19:04:48] [Thread-8/INFO]: Switching to No Sound
[19:04:48] [Thread-8/INFO]: (Silent Mode)
[19:04:48] [Sound Library Loader/INFO]: Sound engine started
[19:04:49] [Client thread/INFO]: Created: 1024x512 textures-atlas
[19:04:54] [Server thread/INFO]: Starting integrated minecraft server version 1.8.8
[19:04:54] [Server thread/INFO]: Generating keypair
[19:04:54] [Server thread/INFO]: Preparing start region for level 0
[19:04:54] [Server thread/INFO]: Changing view distance to 8, from 10
[19:04:54] [Server thread/INFO]: Player125[local:E:922f04fd] logged in with entity id 96 at (608.4744629495352, 66.0, 400.5089386043297)
[19:04:54] [Server thread/INFO]: Player125 joined the game
[19:04:58] [Server thread/INFO]: Saving and pausing game...
[19:04:58] [Server thread/INFO]: Saving chunks for level 'mcpworld'/Overworld
[19:04:58] [Server thread/INFO]: Saving chunks for level 'mcpworld'/Nether
[19:04:58] [Server thread/INFO]: Saving chunks for level 'mcpworld'/The End
[19:05:17] [Server thread/INFO]: Saving and pausing game...
[19:05:17] [Server thread/INFO]: Saving chunks for level 'mcpworld'/Overworld
[19:05:17] [Server thread/INFO]: Saving chunks for level 'mcpworld'/Nether
[19:05:17] [Server thread/INFO]: Saving chunks for level 'mcpworld'/The End
