[19:57:43] [Client thread/INFO]: Setting user: Player390
[19:57:43] [Client thread/INFO]: (Session ID is token:0:Player390)
[19:57:44] [Client thread/INFO]: LWJGL Version: 2.9.4
[19:57:44] [Client thread/INFO]: Reloading ResourceManager: Default
[19:57:44] [Sound Library Loader/INFO]: Starting up SoundSystem...
[19:57:45] [Thread-8/INFO]: Initializing LWJGL OpenAL
[19:57:45] [Thread-8/INFO]: (The LWJGL binding of OpenAL.  For more information, see http://www.lwjgl.org)
[19:57:45] [Thread-8/ERROR]: Error in class 'LibraryLWJGLOpenAL'
[19:57:45] [Thread-8/ERROR]: Unable to initialize OpenAL.  Probable cause: OpenAL not supported.
[19:57:45] [Thread-8/WARN]: ERROR MESSAGE:
[19:57:45] [Thread-8/INFO]: Could not locate OpenAL library.
[19:57:45] [Thread-8/WARN]: STACK TRACE:
[19:57:45] [Thread-8/INFO]: org.lwjgl.openal.AL.create(AL.java:156)
[19:57:45] [Thread-8/INFO]: org.lwjgl.openal.AL.create(AL.java:102)
[19:57:45] [Thread-8/INFO]: org.lwjgl.openal.AL.create(AL.java:206)
[19:57:45] [Thread-8/INFO]: paulscode.sound.libraries.LibraryLWJGLOpenAL.init(LibraryLWJGLOpenAL.java:164)
[19:57:45] [Thread-8/INFO]: paulscode.sound.SoundSystem.CommandNewLibrary(SoundSystem.java:1576)
[19:57:45] [Thread-8/INFO]: paulscode.sound.SoundSystem.CommandQueue(SoundSystem.java:2572)
[19:57:45] [Thread-8/INFO]: paulscode.sound.CommandThread.run(CommandThread.java:121)
[19:57:45] [Sound Library Loader/WARN]: ERROR MESSAGE:
[19:57:45] [Sound Library Loader/INFO]: Could not locate OpenAL library.
[19:57:45] [Sound Library Loader/INFO]: Starting up SoundSystem...
[19:57:45] [Thread-10/INFO]: Switching to No Sound
[19:57:45] [Thread-10/INFO]: (Silent Mode)
[19:57:46] [Sound Library Loader/INFO]: Sound engine started
[19:57:46] [Client thread/INFO]: Created: 1024x512 textures-atlas
[19:57:48] [Server thread/INFO]: Starting integrated minecraft server version 1.8.8
[19:57:48] [Server thread/INFO]: Generating keypair
[19:57:48] [Server thread/INFO]: Preparing start region for level 0
[19:57:49] [Server thread/INFO]: Changing view distance to 8, from 10
[19:57:49] [Server thread/INFO]: Player390[local:E:9c5e74ba] logged in with entity id 63 at (-1096.824588461227, 70.0, -1082.4200954791454)
[19:57:49] [Server thread/INFO]: Player390 joined the game
[19:57:49] [Server thread/INFO]: Saving and pausing game...
[19:57:50] [Server thread/INFO]: Saving chunks for level 'mcpworld'/Overworld
[19:57:50] [Server thread/INFO]: Saving chunks for level 'mcpworld'/Nether
[19:57:50] [Server thread/INFO]: Saving chunks for level 'mcpworld'/The End
[19:57:53] [Server thread/INFO]: Saving and pausing game...
[19:57:53] [Server thread/INFO]: Saving chunks for level 'mcpworld'/Overworld
[19:57:53] [Server thread/INFO]: Saving chunks for level 'mcpworld'/Nether
[19:57:53] [Server thread/INFO]: Saving chunks for level 'mcpworld'/The End
[19:58:07] [Server thread/INFO]: Saving and pausing game...
[19:58:07] [Server thread/INFO]: Saving chunks for level 'mcpworld'/Overworld
[19:58:07] [Server thread/INFO]: Saving chunks for level 'mcpworld'/Nether
[19:58:07] [Server thread/INFO]: Saving chunks for level 'mcpworld'/The End
[19:58:13] [Server thread/INFO]: Saving and pausing game...
[19:58:13] [Server thread/INFO]: Saving chunks for level 'mcpworld'/Overworld
[19:58:13] [Server thread/INFO]: Saving chunks for level 'mcpworld'/Nether
[19:58:13] [Server thread/INFO]: Saving chunks for level 'mcpworld'/The End
[19:58:27] [Server thread/INFO]: Saving and pausing game...
[19:58:27] [Server thread/INFO]: Saving chunks for level 'mcpworld'/Overworld
[19:58:27] [Server thread/INFO]: Saving chunks for level 'mcpworld'/Nether
[19:58:27] [Server thread/INFO]: Saving chunks for level 'mcpworld'/The End
[19:59:37] [Server thread/INFO]: Saving and pausing game...
[19:59:37] [Server thread/INFO]: Saving chunks for level 'mcpworld'/Overworld
[19:59:37] [Server thread/INFO]: Saving chunks for level 'mcpworld'/Nether
[19:59:37] [Server thread/INFO]: Saving chunks for level 'mcpworld'/The End
[19:59:38] [Server thread/INFO]: Saving and pausing game...
[19:59:38] [Server thread/INFO]: Saving chunks for level 'mcpworld'/Overworld
[19:59:38] [Server thread/INFO]: Saving chunks for level 'mcpworld'/Nether
[19:59:38] [Server thread/INFO]: Saving chunks for level 'mcpworld'/The End
