[00:49:00] [Client thread/INFO]: Setting user: Player218
[00:49:00] [Client thread/INFO]: (Session ID is token:0:Player218)
[00:49:00] [Client thread/INFO]: LWJGL Version: 2.9.4
[00:49:01] [Client thread/INFO]: Reloading ResourceManager: Default
[00:49:01] [Sound Library Loader/INFO]: Starting up SoundSystem...
[00:49:01] [Thread-7/INFO]: Initializing LWJGL OpenAL
[00:49:01] [Thread-7/INFO]: (The LWJGL binding of OpenAL.  For more information, see http://www.lwjgl.org)
[00:49:01] [Thread-7/ERROR]: Error in class 'LibraryLWJGLOpenAL'
[00:49:01] [Thread-7/ERROR]: Unable to initialize OpenAL.  Probable cause: OpenAL not supported.
[00:49:01] [Thread-7/WARN]: ERROR MESSAGE:
[00:49:01] [Thread-7/INFO]: Could not locate OpenAL library.
[00:49:01] [Thread-7/WARN]: STACK TRACE:
[00:49:01] [Thread-7/INFO]: org.lwjgl.openal.AL.create(AL.java:156)
[00:49:01] [Thread-7/INFO]: org.lwjgl.openal.AL.create(AL.java:102)
[00:49:01] [Thread-7/INFO]: org.lwjgl.openal.AL.create(AL.java:206)
[00:49:01] [Thread-7/INFO]: paulscode.sound.libraries.LibraryLWJGLOpenAL.init(LibraryLWJGLOpenAL.java:164)
[00:49:01] [Thread-7/INFO]: paulscode.sound.SoundSystem.CommandNewLibrary(SoundSystem.java:1576)
[00:49:01] [Thread-7/INFO]: paulscode.sound.SoundSystem.CommandQueue(SoundSystem.java:2572)
[00:49:01] [Thread-7/INFO]: paulscode.sound.CommandThread.run(CommandThread.java:121)
[00:49:01] [Sound Library Loader/WARN]: ERROR MESSAGE:
[00:49:01] [Sound Library Loader/INFO]: Could not locate OpenAL library.
[00:49:01] [Sound Library Loader/INFO]: Starting up SoundSystem...
[00:49:02] [Thread-9/INFO]: Switching to No Sound
[00:49:02] [Thread-9/INFO]: (Silent Mode)
[00:49:02] [Sound Library Loader/INFO]: Sound engine started
[00:49:02] [Client thread/INFO]: Created: 1024x512 textures-atlas
[00:49:07] [Server thread/INFO]: Starting integrated minecraft server version 1.8.8
[00:49:07] [Server thread/INFO]: Generating keypair
[00:49:07] [Server thread/INFO]: Preparing start region for level 0
[00:49:08] [Server thread/INFO]: Changing view distance to 8, from 10
[00:49:08] [Server thread/INFO]: Player218[local:E:d23c1e16] logged in with entity id 95 at (700.7369659562793, 92.49918707874468, 481.729925907123)
[00:49:08] [Server thread/INFO]: Player218 joined the game
[00:50:05] [Server thread/INFO]: Saving and pausing game...
[00:50:05] [Server thread/INFO]: Saving chunks for level 'mcpworld'/Overworld
[00:50:05] [Server thread/INFO]: Saving chunks for level 'mcpworld'/Nether
[00:50:05] [Server thread/INFO]: Saving chunks for level 'mcpworld'/The End
[00:50:23] [Client thread/INFO]: Stopping!
[00:50:23] [Client thread/INFO]: SoundSystem shutting down...
[00:50:23] [Server thread/INFO]: Stopping server
[00:50:23] [Server thread/INFO]: Saving players
[00:50:23] [Server thread/INFO]: Saving worlds
[00:50:23] [Server thread/INFO]: Saving chunks for level 'mcpworld'/Overworld
[00:50:23] [Server thread/INFO]: Saving chunks for level 'mcpworld'/Nether
[00:50:23] [Server thread/INFO]: Saving chunks for level 'mcpworld'/The End
[00:50:23] [Client thread/WARN]: Author: Paul Lamb, www.paulscode.com
[00:50:23] [Client thread/INFO]: Setting user: Player343
[00:50:23] [Client thread/INFO]: (Session ID is token:0:Player343)
[00:50:23] [Client thread/INFO]: LWJGL Version: 2.9.4
[00:50:24] [Client thread/INFO]: Reloading ResourceManager: Default
[00:50:24] [Sound Library Loader/INFO]: Starting up SoundSystem...
[00:50:24] [Thread-6/INFO]: Initializing LWJGL OpenAL
[00:50:24] [Thread-6/INFO]: (The LWJGL binding of OpenAL.  For more information, see http://www.lwjgl.org)
[00:50:24] [Thread-6/ERROR]: Error in class 'LibraryLWJGLOpenAL'
[00:50:24] [Thread-6/ERROR]: Unable to initialize OpenAL.  Probable cause: OpenAL not supported.
[00:50:24] [Thread-6/WARN]: ERROR MESSAGE:
[00:50:24] [Thread-6/INFO]: Could not locate OpenAL library.
[00:50:24] [Thread-6/WARN]: STACK TRACE:
[00:50:24] [Thread-6/INFO]: org.lwjgl.openal.AL.create(AL.java:156)
[00:50:24] [Thread-6/INFO]: org.lwjgl.openal.AL.create(AL.java:102)
[00:50:24] [Thread-6/INFO]: org.lwjgl.openal.AL.create(AL.java:206)
[00:50:24] [Thread-6/INFO]: paulscode.sound.libraries.LibraryLWJGLOpenAL.init(LibraryLWJGLOpenAL.java:164)
[00:50:24] [Thread-6/INFO]: paulscode.sound.SoundSystem.CommandNewLibrary(SoundSystem.java:1576)
[00:50:24] [Thread-6/INFO]: paulscode.sound.SoundSystem.CommandQueue(SoundSystem.java:2572)
[00:50:24] [Thread-6/INFO]: paulscode.sound.CommandThread.run(CommandThread.java:121)
[00:50:25] [Sound Library Loader/WARN]: ERROR MESSAGE:
[00:50:25] [Sound Library Loader/INFO]: Could not locate OpenAL library.
[00:50:25] [Sound Library Loader/INFO]: Starting up SoundSystem...
[00:50:25] [Thread-8/INFO]: Switching to No Sound
[00:50:25] [Thread-8/INFO]: (Silent Mode)
[00:50:25] [Sound Library Loader/INFO]: Sound engine started
[00:50:25] [Client thread/INFO]: Created: 1024x512 textures-atlas
[00:50:28] [Server thread/INFO]: Starting integrated minecraft server version 1.8.8
[00:50:28] [Server thread/INFO]: Generating keypair
[00:50:29] [Server thread/INFO]: Preparing start region for level 0
[00:50:29] [Server thread/INFO]: Changing view distance to 8, from 10
[00:50:29] [Server thread/INFO]: Player343[local:E:8a5771e6] logged in with entity id 95 at (566.3555913583168, 68.0, 497.95182684705264)
[00:50:29] [Server thread/INFO]: Player343 joined the game
[00:50:47] [Server thread/INFO]: Saving and pausing game...
[00:50:47] [Server thread/INFO]: Saving chunks for level 'mcpworld'/Overworld
[00:50:47] [Server thread/INFO]: Saving chunks for level 'mcpworld'/Nether
[00:50:47] [Server thread/INFO]: Saving chunks for level 'mcpworld'/The End
[01:03:57] [Server thread/INFO]: Saving and pausing game...
[01:03:57] [Server thread/INFO]: Saving chunks for level 'mcpworld'/Overworld
[01:03:57] [Server thread/INFO]: Saving chunks for level 'mcpworld'/Nether
[01:03:57] [Server thread/INFO]: Saving chunks for level 'mcpworld'/The End
