[16:50:52] [Client thread/INFO]: Setting user: Player671
[16:50:52] [Client thread/INFO]: (Session ID is token:0:Player671)
[16:50:52] [Client thread/INFO]: LWJGL Version: 2.9.4
[16:50:53] [Client thread/INFO]: Reloading ResourceManager: Default
[16:50:53] [Sound Library Loader/INFO]: Starting up SoundSystem...
[16:50:53] [Thread-8/INFO]: Initializing LWJGL OpenAL
[16:50:53] [Thread-8/INFO]: (The LWJGL binding of OpenAL.  For more information, see http://www.lwjgl.org)
[16:50:53] [Thread-8/ERROR]: Error in class 'LibraryLWJGLOpenAL'
[16:50:53] [Thread-8/ERROR]: Unable to initialize OpenAL.  Probable cause: OpenAL not supported.
[16:50:53] [Thread-8/WARN]: ERROR MESSAGE:
[16:50:53] [Thread-8/INFO]: Could not locate OpenAL library.
[16:50:53] [Thread-8/WARN]: STACK TRACE:
[16:50:53] [Thread-8/INFO]: org.lwjgl.openal.AL.create(AL.java:156)
[16:50:53] [Thread-8/INFO]: org.lwjgl.openal.AL.create(AL.java:102)
[16:50:53] [Thread-8/INFO]: org.lwjgl.openal.AL.create(AL.java:206)
[16:50:53] [Thread-8/INFO]: paulscode.sound.libraries.LibraryLWJGLOpenAL.init(LibraryLWJGLOpenAL.java:164)
[16:50:53] [Thread-8/INFO]: paulscode.sound.SoundSystem.CommandNewLibrary(SoundSystem.java:1576)
[16:50:53] [Thread-8/INFO]: paulscode.sound.SoundSystem.CommandQueue(SoundSystem.java:2572)
[16:50:53] [Thread-8/INFO]: paulscode.sound.CommandThread.run(CommandThread.java:121)
[16:50:54] [Sound Library Loader/WARN]: ERROR MESSAGE:
[16:50:54] [Sound Library Loader/INFO]: Could not locate OpenAL library.
[16:50:54] [Sound Library Loader/INFO]: Starting up SoundSystem...
[16:50:54] [Thread-10/INFO]: Switching to No Sound
[16:50:54] [Thread-10/INFO]: (Silent Mode)
[16:50:54] [Sound Library Loader/INFO]: Sound engine started
[16:50:55] [Client thread/INFO]: Created: 1024x512 textures-atlas
[16:50:58] [Server thread/INFO]: Starting integrated minecraft server version 1.8.8
[16:50:58] [Server thread/INFO]: Generating keypair
[16:50:58] [Server thread/INFO]: Preparing start region for level 0
[16:50:59] [Server thread/INFO]: Changing view distance to 8, from 10
[16:50:59] [Server thread/INFO]: Player671[local:E:2bab8fc2] logged in with entity id 91 at (652.3369003087669, 66.92159999847412, 1659.609652554953)
[16:50:59] [Server thread/INFO]: Player671 joined the game
[16:51:03] [Server thread/INFO]: Saving and pausing game...
[16:51:03] [Server thread/INFO]: Saving chunks for level 'mcpworld'/Overworld
[16:51:03] [Server thread/INFO]: Saving chunks for level 'mcpworld'/Nether
[16:51:03] [Server thread/INFO]: Saving chunks for level 'mcpworld'/The End
[16:51:15] [Server thread/INFO]: Saving and pausing game...
[16:51:15] [Server thread/INFO]: Saving chunks for level 'mcpworld'/Overworld
[16:51:15] [Server thread/INFO]: Saving chunks for level 'mcpworld'/Nether
[16:51:15] [Server thread/INFO]: Saving chunks for level 'mcpworld'/The End
[16:52:25] [Client thread/ERROR]: Item entity 1255 has no item?!
[16:52:25] [Client thread/ERROR]: Item entity 1255 has no item?!
[16:52:25] [Client thread/ERROR]: Item entity 1255 has no item?!
[16:52:25] [Client thread/ERROR]: Item entity 1255 has no item?!
[16:52:25] [Client thread/ERROR]: Item entity 1255 has no item?!
[16:52:25] [Client thread/ERROR]: Item entity 1255 has no item?!
[16:52:25] [Client thread/ERROR]: Item entity 1255 has no item?!
[16:52:25] [Client thread/ERROR]: Item entity 1255 has no item?!
[16:52:25] [Client thread/ERROR]: Item entity 1255 has no item?!
[16:52:25] [Client thread/ERROR]: Item entity 1255 has no item?!
[16:53:07] [Client thread/INFO]: Stopping!
[16:53:07] [Client thread/INFO]: SoundSystem shutting down...
[16:53:07] [Server thread/INFO]: Stopping server
[16:53:07] [Server thread/INFO]: Saving players
[16:53:07] [Server thread/INFO]: Saving worlds
[16:53:07] [Server thread/INFO]: Saving chunks for level 'mcpworld'/Overworld
[16:53:07] [Server thread/INFO]: Saving chunks for level 'mcpworld'/Nether
[16:53:07] [Server thread/INFO]: Saving chunks for level 'mcpworld'/The End
[16:53:08] [Client thread/WARN]: Author: Paul Lamb, www.paulscode.com
