[00:58:53] [Client thread/INFO]: Setting user: Player234
[00:58:53] [Client thread/INFO]: (Session ID is token:0:Player234)
[00:58:54] [Client thread/INFO]: LWJGL Version: 2.9.4
[00:58:54] [Client thread/INFO]: Reloading ResourceManager: Default
[00:58:54] [Sound Library Loader/INFO]: Starting up SoundSystem...
[00:58:55] [Thread-7/INFO]: Initializing LWJGL OpenAL
[00:58:55] [Thread-7/INFO]: (The LWJGL binding of OpenAL.  For more information, see http://www.lwjgl.org)
[00:58:55] [Thread-7/ERROR]: Error in class 'LibraryLWJGLOpenAL'
[00:58:55] [Thread-7/ERROR]: Unable to initialize OpenAL.  Probable cause: OpenAL not supported.
[00:58:55] [Thread-7/WARN]: ERROR MESSAGE:
[00:58:55] [Thread-7/INFO]: Could not locate OpenAL library.
[00:58:55] [Thread-7/WARN]: STACK TRACE:
[00:58:55] [Thread-7/INFO]: org.lwjgl.openal.AL.create(AL.java:156)
[00:58:55] [Thread-7/INFO]: org.lwjgl.openal.AL.create(AL.java:102)
[00:58:55] [Thread-7/INFO]: org.lwjgl.openal.AL.create(AL.java:206)
[00:58:55] [Thread-7/INFO]: paulscode.sound.libraries.LibraryLWJGLOpenAL.init(LibraryLWJGLOpenAL.java:164)
[00:58:55] [Thread-7/INFO]: paulscode.sound.SoundSystem.CommandNewLibrary(SoundSystem.java:1576)
[00:58:55] [Thread-7/INFO]: paulscode.sound.SoundSystem.CommandQueue(SoundSystem.java:2572)
[00:58:55] [Thread-7/INFO]: paulscode.sound.CommandThread.run(CommandThread.java:121)
[00:58:55] [Sound Library Loader/WARN]: ERROR MESSAGE:
[00:58:55] [Sound Library Loader/INFO]: Could not locate OpenAL library.
[00:58:55] [Sound Library Loader/INFO]: Starting up SoundSystem...
[00:58:55] [Thread-9/INFO]: Switching to No Sound
[00:58:55] [Thread-9/INFO]: (Silent Mode)
[00:58:56] [Sound Library Loader/INFO]: Sound engine started
[00:58:56] [Client thread/INFO]: Created: 1024x512 textures-atlas
[00:59:21] [Server thread/INFO]: Starting integrated minecraft server version 1.8.8
[00:59:21] [Server thread/INFO]: Generating keypair
[00:59:21] [Server thread/INFO]: Preparing start region for level 0
[00:59:21] [Server thread/INFO]: Changing view distance to 8, from 10
[00:59:22] [Server thread/INFO]: Player234[local:E:11daf8c3] logged in with entity id 221 at (557.2892849606651, 69.60363508399371, 269.0289648387493)
[00:59:22] [Server thread/INFO]: Player234 joined the game
[00:59:24] [Server thread/INFO]: Saving and pausing game...
[00:59:24] [Server thread/INFO]: Saving chunks for level 'mcpworld'/Overworld
[00:59:24] [Server thread/INFO]: Saving chunks for level 'mcpworld'/Nether
[00:59:24] [Server thread/INFO]: Saving chunks for level 'mcpworld'/The End
[00:59:37] [Server thread/INFO]: Player234 has just earned the achievement [Taking Inventory]
[00:59:37] [Client thread/INFO]: [CHAT] Player234 has just earned the achievement [Taking Inventory]
[00:59:50] [Server thread/INFO]: Saving and pausing game...
[00:59:50] [Server thread/INFO]: Saving chunks for level 'mcpworld'/Overworld
[00:59:50] [Server thread/INFO]: Saving chunks for level 'mcpworld'/Nether
[00:59:50] [Server thread/INFO]: Saving chunks for level 'mcpworld'/The End
[01:00:00] [Server thread/INFO]: Saving and pausing game...
[01:00:00] [Server thread/INFO]: Saving chunks for level 'mcpworld'/Overworld
[01:00:00] [Server thread/INFO]: Saving chunks for level 'mcpworld'/Nether
[01:00:00] [Server thread/INFO]: Saving chunks for level 'mcpworld'/The End
[01:00:05] [Server thread/INFO]: Saving and pausing game...
[01:00:05] [Server thread/INFO]: Saving chunks for level 'mcpworld'/Overworld
[01:00:05] [Server thread/INFO]: Saving chunks for level 'mcpworld'/Nether
[01:00:05] [Server thread/INFO]: Saving chunks for level 'mcpworld'/The End
[01:01:18] [Server thread/INFO]: Saving and pausing game...
[01:01:18] [Server thread/INFO]: Saving chunks for level 'mcpworld'/Overworld
[01:01:18] [Server thread/INFO]: Saving chunks for level 'mcpworld'/Nether
[01:01:18] [Server thread/INFO]: Saving chunks for level 'mcpworld'/The End
[01:01:47] [Client thread/INFO]: Stopping!
[01:01:47] [Client thread/INFO]: SoundSystem shutting down...
[01:01:47] [Server [01:01:47] [Client thread/INFO]: LWJGL Version: 2.9.4
[01:01:48] [Client thread/INFO]: Reloading ResourceManager: Default
[01:01:48] [Sound Library Loader/INFO]: Starting up SoundSystem...
[01:01:48] [Thread-6/INFO]: Initializing LWJGL OpenAL
[01:01:48] [Thread-6/INFO]: (The LWJGL binding of OpenAL.  For more information, see http://www.lwjgl.org)
[01:01:48] [Thread-6/ERROR]: Error in class 'LibraryLWJGLOpenAL'
[01:01:48] [Thread-6/ERROR]: Unable to initialize OpenAL.  Probable cause: OpenAL not supported.
[01:01:48] [Thread-6/WARN]: ERROR MESSAGE:
[01:01:48] [Thread-6/INFO]: Could not locate OpenAL library.
[01:01:48] [Thread-6/WARN]: STACK TRACE:
[01:01:48] [Thread-6/INFO]: org.lwjgl.openal.AL.create(AL.java:156)
[01:01:48] [Thread-6/INFO]: org.lwjgl.openal.AL.create(AL.java:102)
[01:01:48] [Thread-6/INFO]: org.lwjgl.openal.AL.create(AL.java:206)
[01:01:48] [Thread-6/INFO]: paulscode.sound.libraries.LibraryLWJGLOpenAL.init(LibraryLWJGLOpenAL.java:164)
[01:01:48] [Thread-6/INFO]: paulscode.sound.SoundSystem.CommandNewLibrary(SoundSystem.java:1576)
[01:01:48] [Thread-6/INFO]: paulscode.sound.SoundSystem.CommandQueue(SoundSystem.java:2572)
[01:01:48] [Thread-6/INFO]: paulscode.sound.CommandThread.run(CommandThread.java:121)
[01:01:48] [Sound Library Loader/WARN]: ERROR MESSAGE:
[01:01:48] [Sound Library Loader/INFO]: Could not locate OpenAL library.
[01:01:48] [Sound Library Loader/INFO]: Starting up SoundSystem...
[01:01:49] [Thread-8/INFO]: Switching to No Sound
[01:01:49] [Thread-8/INFO]: (Silent Mode)
[01:01:49] [Sound Library Loader/INFO]: Sound engine started
[01:01:50] [Client thread/INFO]: Created: 1024x512 textures-atlas
[01:01:54] [Server thread/INFO]: Starting integrated minecraft server version 1.8.8
[01:01:54] [Server thread/INFO]: Generating keypair
[01:01:54] [Server thread/INFO]: Preparing start region for level 0
[01:01:55] [Server thread/INFO]: Changing view distance to 8, from 10
[01:01:55] [Server thread/INFO]: Player562[local:E:796269d7] logged in with entity id 181 at (555.2984715959466, 68.76796095552312, 267.17329078072504)
[01:01:55] [Server thread/INFO]: Player562 joined the game
[01:01:58] [Server thread/INFO]: Saving and pausing game...
[01:01:58] [Server thread/INFO]: Saving chunks for level 'mcpworld'/Overworld
[01:01:58] [Server thread/INFO]: Saving chunks for level 'mcpworld'/Nether
[01:01:58] [Server thread/INFO]: Saving chunks for level 'mcpworld'/The End
[01:02:07] [Server thread/INFO]: Saving and pausing game...
[01:02:07] [Server thread/INFO]: Saving chunks for level 'mcpworld'/Overworld
[01:02:07] [Server thread/INFO]: Saving chunks for level 'mcpworld'/Nether
[01:02:07] [Server thread/INFO]: Saving chunks for level 'mcpworld'/The End
[01:02:21] [Server thread/INFO]: Saving and pausing game...
[01:02:21] [Server thread/INFO]: Saving chunks for level 'mcpworld'/Overworld
[01:02:21] [Server thread/INFO]: Saving chunks for level 'mcpworld'/Nether
[01:02:21] [Server thread/INFO]: Saving chunks for level 'mcpworld'/The End
[01:03:01] [Client thread/INFO]: Stopping!
[01:03:01] [Client thread/INFO]: SoundSystem shutting down...
[01:03:01] [Server thread/INFO]: Stopping server
[01:03:01] [Server threa[01:03:01] [Client thread/INFO]: Reloading ResourceManager: Default
[01:03:01] [Sound Library Loader/INFO]: Starting up SoundSystem...
[01:03:01] [Thread-6/INFO]: Initializing LWJGL OpenAL
[01:03:01] [Thread-6/INFO]: (The LWJGL binding of OpenAL.  For more information, see http://www.lwjgl.org)
[01:03:01] [Thread-6/ERROR]: Error in class 'LibraryLWJGLOpenAL'
[01:03:01] [Thread-6/ERROR]: Unable to initialize OpenAL.  Probable cause: OpenAL not supported.
[01:03:01] [Thread-6/WARN]: ERROR MESSAGE:
[01:03:01] [Thread-6/INFO]: Could not locate OpenAL library.
[01:03:01] [Thread-6/WARN]: STACK TRACE:
[01:03:01] [Thread-6/INFO]: org.lwjgl.openal.AL.create(AL.java:156)
[01:03:01] [Thread-6/INFO]: org.lwjgl.openal.AL.create(AL.java:102)
[01:03:01] [Thread-6/INFO]: org.lwjgl.openal.AL.create(AL.java:206)
[01:03:01] [Thread-6/INFO]: paulscode.sound.libraries.LibraryLWJGLOpenAL.init(LibraryLWJGLOpenAL.java:164)
[01:03:01] [Thread-6/INFO]: paulscode.sound.SoundSystem.CommandNewLibrary(SoundSystem.java:1576)
[01:03:01] [Thread-6/INFO]: paulscode.sound.SoundSystem.CommandQueue(SoundSystem.java:2572)
[01:03:01] [Thread-6/INFO]: paulscode.sound.CommandThread.run(CommandThread.java:121)
[01:03:02] [Sound Library Loader/WARN]: ERROR MESSAGE:
[01:03:02] [Sound Library Loader/INFO]: Could not locate OpenAL library.
[01:03:02] [Sound Library Loader/INFO]: Starting up SoundSystem...
[01:03:02] [Thread-8/INFO]: Switching to No Sound
[01:03:02] [Thread-8/INFO]: (Silent Mode)
[01:03:02] [Sound Library Loader/INFO]: Sound engine started
[01:03:03] [Client thread/INFO]: Created: 1024x512 textures-atlas
[01:03:04] [Server thread/INFO]: Starting integrated minecraft server version 1.8.8
[01:03:04] [Server thread/INFO]: Generating keypair
[01:03:05] [Server thread/INFO]: Preparing start region for level 0
[01:03:05] [Server thread/INFO]: Changing view distance to 8, from 10
[01:03:05] [Server thread/INFO]: Player921[local:E:99311019] logged in with entity id 185 at (554.4294270619881, 70.95802099208463, 267.1434747994567)
[01:03:05] [Server thread/INFO]: Player921 joined the game
[01:03:07] [Server thread/INFO]: Saving and pausing game...
[01:03:07] [Server thread/INFO]: Saving chunks for level 'mcpworld'/Overworld
[01:03:07] [Server thread/INFO]: Saving chunks for level 'mcpworld'/Nether
[01:03:07] [Server thread/INFO]: Saving chunks for level 'mcpworld'/The End
[01:03:28] [Server thread/INFO]: Saving and pausing game...
[01:03:28] [Server thread/INFO]: Saving chunks for level 'mcpworld'/Overworld
[01:03:28] [Server thread/INFO]: Saving chunks for level 'mcpworld'/Nether
[01:03:28] [Server thread/INFO]: Saving chunks for level 'mcpworld'/The End
[01:03:40] [Client thread/INFO]: Stopping!
[01:03:40] [Client thread/INFO]: SoundSystem shutting down...
[01:03:40] [Server thread/INFO]: Stopping server
[01:03:40] [Server thread/INFO]: Saving players
[01:03:40] [Server thread/INFO]: Saving worlds
[01:03:40] [Server thread/INFO]: Saving chunks for level 'mcpwor[01:03:40] [Thread-6/INFO]: Initializing LWJGL OpenAL
[01:03:40] [Thread-6/INFO]: (The LWJGL binding of OpenAL.  For more information, see http://www.lwjgl.org)
[01:0[01:03:40] [Client thread/WARN]: Author: Paul Lamb, www.paulscode.com
 [Thread-6/ERROR]: Unable to initialize OpenAL.  Probable cause: OpenAL not supported.
[01:03:40] [Thread-6/WARN]: ERROR MESSAGE:
[01:03:40] [Thread-6/INFO]: Could not locate OpenAL library.
[01:03:40] [Thread-6/WARN]: STACK TRACE:
[01:03:40] [Thread-6/INFO]: org.lwjgl.openal.AL.create(AL.java:156)
[01:03:40] [Thread-6/INFO]: org.lwjgl.openal.AL.create(AL.java:102)
[01:03:40] [Thread-6/INFO]: org.lwjgl.openal.AL.create(AL.java:206)
[01:03:40] [Thread-6/INFO]: paulscode.sound.libraries.LibraryLWJGLOpenAL.init(LibraryLWJGLOpenAL.java:164)
[01:03:40] [Thread-6/INFO]: paulscode.sound.SoundSystem.CommandNewLibrary(SoundSystem.java:1576)
[01:03:40] [Thread-6/INFO]: paulscode.sound.SoundSystem.CommandQueue(SoundSystem.java:2572)
[01:03:40] [Thread-6/INFO]: paulscode.sound.CommandThread.run(CommandThread.java:121)
[01:03:41] [Sound Library Loader/WARN]: ERROR MESSAGE:
[01:03:41] [Sound Library Loader/INFO]: Could not locate OpenAL library.
[01:03:41] [Sound Library Loader/INFO]: Starting up SoundSystem...
[01:03:41] [Thread-8/INFO]: Switching to No Sound
[01:03:41] [Thread-8/INFO]: (Silent Mode)
[01:03:41] [Sound Library Loader/INFO]: Sound engine started
[01:03:42] [Client thread/INFO]: Created: 1024x512 textures-atlas
[01:03:44] [Server thread/INFO]: Starting integrated minecraft server version 1.8.8
[01:03:44] [Server thread/INFO]: Generating keypair
[01:03:44] [Server thread/INFO]: Preparing start region for level 0
[01:03:44] [Server thread/INFO]: Changing view distance to 8, from 10
[01:03:44] [Server thread/INFO]: Player828[local:E:a760f773] logged in with entity id 181 at (554.2997688166365, 68.05166306034525, 274.02650357345897)
[01:03:44] [Server thread/INFO]: Player828 joined the game
[01:03:47] [Server thread/INFO]: Saving and pausing game...
[01:03:47] [Server thread/INFO]: Saving chunks for level 'mcpworld'/Overworld
[01:03:47] [Server thread/INFO]: Saving chunks for level 'mcpworld'/Nether
[01:03:47] [Server thread/INFO]: Saving chunks for level 'mcpworld'/The End
[01:04:12] [Server thread/INFO]: Saving and pausing game...
[01:04:12] [Server thread/INFO]: Saving chunks for level 'mcpworld'/Overworld
[01:04:12] [Server thread/INFO]: Saving chunks for level 'mcpworld'/Nether
[01:04:12] [Server thread/INFO]: Saving chunks for level 'mcpworld'/The End
[01:04:26] [Client thread/INFO]: Stopping!
[01:04:26] [Client thread/INFO]: SoundSystem shutting down...
[01:04:26] [Server thread/INFO]: Stopping server
[01:04:26] [Server thread/INFO]: Saving players
[01:04:26] [Server thread/INFO]: Saving worlds
[01:04:26] [Server thread/INFO]: Saving chunks for level 'mcpworld'/Overworld
[01:04:26] [Server thread/INFO]: Saving chunks for level 'mcpworld'/Nether
[01:04:26] [Server thread/INFO]: Saving chunks for level 'mcpworld'/The End
