[14:00:58] [Client thread/INFO]: Setting user: Player500
[14:00:58] [Client thread/INFO]: (Session ID is token:0:Player500)
[14:00:59] [Client thread/INFO]: LWJGL Version: 2.9.4
[14:00:59] [Client thread/INFO]: Reloading ResourceManager: Default
[14:00:59] [Sound Library Loader/INFO]: Starting up SoundSystem...
[14:00:59] [Thread-7/INFO]: Initializing LWJGL OpenAL
[14:00:59] [Thread-7/INFO]: (The LWJGL binding of OpenAL.  For more information, see http://www.lwjgl.org)
[14:00:59] [Thread-7/ERROR]: Error in class 'LibraryLWJGLOpenAL'
[14:00:59] [Thread-7/ERROR]: Unable to initialize OpenAL.  Probable cause: OpenAL not supported.
[14:00:59] [Thread-7/WARN]: ERROR MESSAGE:
[14:00:59] [Thread-7/INFO]: Could not locate OpenAL library.
[14:00:59] [Thread-7/WARN]: STACK TRACE:
[14:00:59] [Thread-7/INFO]: org.lwjgl.openal.AL.create(AL.java:156)
[14:00:59] [Thread-7/INFO]: org.lwjgl.openal.AL.create(AL.java:102)
[14:00:59] [Thread-7/INFO]: org.lwjgl.openal.AL.create(AL.java:206)
[14:00:59] [Thread-7/INFO]: paulscode.sound.libraries.LibraryLWJGLOpenAL.init(LibraryLWJGLOpenAL.java:164)
[14:00:59] [Thread-7/INFO]: paulscode.sound.SoundSystem.CommandNewLibrary(SoundSystem.java:1576)
[14:00:59] [Thread-7/INFO]: paulscode.sound.SoundSystem.CommandQueue(SoundSystem.java:2572)
[14:00:59] [Thread-7/INFO]: paulscode.sound.CommandThread.run(CommandThread.java:121)
[14:01:00] [Sound Library Loader/WARN]: ERROR MESSAGE:
[14:01:00] [Sound Library Loader/INFO]: Could not locate OpenAL library.
[14:01:00] [Sound Library Loader/INFO]: Starting up SoundSystem...
[14:01:00] [Thread-9/INFO]: Switching to No Sound
[14:01:00] [Thread-9/INFO]: (Silent Mode)
[14:01:00] [Sound Library Loader/INFO]: Sound engine started
[14:01:01] [Client thread/INFO]: Created: 1024x512 textures-atlas
[14:01:03] [Server thread/INFO]: Starting integrated minecraft server version 1.8.8
[14:01:03] [Server thread/INFO]: Generating keypair
[14:01:03] [Server thread/INFO]: Preparing start region for level 0
[14:01:04] [Server thread/INFO]: Changing view distance to 8, from 10
[14:01:04] [Server thread/INFO]: Player500[local:E:623c8171] logged in with entity id 168 at (616.3750125642649, 64.0, 212.50135691532162)
[14:01:04] [Server thread/INFO]: Player500 joined the game
[14:01:04] [Client thread/INFO]: [CHAT] A new §eOptiFine§f version is available: §eHD Ultra I7§f
