[19:12:20] [Client thread/INFO]: Setting user: Player500
[19:12:20] [Client thread/INFO]: (Session ID is token:0:Player500)
[19:12:21] [Client thread/INFO]: LWJGL Version: 2.9.4
[19:12:21] [Client thread/INFO]: Reloading ResourceManager: Default
[19:12:22] [Sound Library Loader/INFO]: Starting up SoundSystem...
[19:12:22] [Thread-8/INFO]: Initializing LWJGL OpenAL
[19:12:22] [Thread-8/INFO]: (The LWJGL binding of OpenAL.  For more information, see http://www.lwjgl.org)
[19:12:22] [Thread-8/ERROR]: Error in class 'LibraryLWJGLOpenAL'
[19:12:22] [Thread-8/ERROR]: Unable to initialize OpenAL.  Probable cause: OpenAL not supported.
[19:12:22] [Thread-8/WARN]: ERROR MESSAGE:
[19:12:22] [Thread-8/INFO]: Could not locate OpenAL library.
[19:12:22] [Thread-8/WARN]: STACK TRACE:
[19:12:22] [Thread-8/INFO]: org.lwjgl.openal.AL.create(AL.java:156)
[19:12:22] [Thread-8/INFO]: org.lwjgl.openal.AL.create(AL.java:102)
[19:12:22] [Thread-8/INFO]: org.lwjgl.openal.AL.create(AL.java:206)
[19:12:22] [Thread-8/INFO]: paulscode.sound.libraries.LibraryLWJGLOpenAL.init(LibraryLWJGLOpenAL.java:164)
[19:12:22] [Thread-8/INFO]: paulscode.sound.SoundSystem.CommandNewLibrary(SoundSystem.java:1576)
[19:12:22] [Thread-8/INFO]: paulscode.sound.SoundSystem.CommandQueue(SoundSystem.java:2572)
[19:12:22] [Thread-8/INFO]: paulscode.sound.CommandThread.run(CommandThread.java:121)
[19:12:22] [Sound Library Loader/WARN]: ERROR MESSAGE:
[19:12:22] [Sound Library Loader/INFO]: Could not locate OpenAL library.
[19:12:22] [Sound Library Loader/INFO]: Starting up SoundSystem...
[19:12:23] [Thread-10/INFO]: Switching to No Sound
[19:12:23] [Thread-10/INFO]: (Silent Mode)
[19:12:23] [Sound Library Loader/INFO]: Sound engine started
[19:12:24] [Client thread/INFO]: Created: 1024x512 textures-atlas
[19:12:32] [Server thread/INFO]: Starting integrated minecraft server version 1.8.8
[19:12:32] [Server thread/INFO]: Generating keypair
[19:12:32] [Server thread/INFO]: Preparing start region for level 0
[19:12:32] [Server thread/INFO]: Changing view distance to 8, from 10
[19:12:32] [Server thread/INFO]: Player500[local:E:66ae934b] logged in with entity id 66 at (10364.097049256947, 71.72178586556943, 1319.346498230591)
[19:12:32] [Server thread/INFO]: Player500 joined the game
[19:12:33] [Server thread/INFO]: Saving and pausing game...
[19:12:33] [Server thread/INFO]: Saving chunks for level 'mcpworld'/Overworld
[19:12:33] [Server thread/INFO]: Saving chunks for level 'mcpworld'/Nether
[19:12:33] [Server thread/INFO]: Saving chunks for level 'mcpworld'/The End
