[00:47:19] [Client thread/INFO]: Setting user: Player968
[00:47:19] [Client thread/INFO]: (Session ID is token:0:Player968)
[00:47:19] [Client thread/INFO]: LWJGL Version: 2.9.4
[00:47:20] [Client thread/INFO]: Reloading ResourceManager: Default
[00:47:20] [Sound Library Loader/INFO]: Starting up SoundSystem...
[00:47:20] [Thread-7/INFO]: Initializing LWJGL OpenAL
[00:47:20] [Thread-7/INFO]: (The LWJGL binding of OpenAL.  For more information, see http://www.lwjgl.org)
[00:47:20] [Thread-7/ERROR]: Error in class 'LibraryLWJGLOpenAL'
[00:47:20] [Thread-7/ERROR]: Unable to initialize OpenAL.  Probable cause: OpenAL not supported.
[00:47:20] [Thread-7/WARN]: ERROR MESSAGE:
[00:47:20] [Thread-7/INFO]: Could not locate OpenAL library.
[00:47:20] [Thread-7/WARN]: STACK TRACE:
[00:47:20] [Thread-7/INFO]: org.lwjgl.openal.AL.create(AL.java:156)
[00:47:20] [Thread-7/INFO]: org.lwjgl.openal.AL.create(AL.java:102)
[00:47:20] [Thread-7/INFO]: org.lwjgl.openal.AL.create(AL.java:206)
[00:47:20] [Thread-7/INFO]: paulscode.sound.libraries.LibraryLWJGLOpenAL.init(LibraryLWJGLOpenAL.java:164)
[00:47:20] [Thread-7/INFO]: paulscode.sound.SoundSystem.CommandNewLibrary(SoundSystem.java:1576)
[00:47:20] [Thread-7/INFO]: paulscode.sound.SoundSystem.CommandQueue(SoundSystem.java:2572)
[00:47:20] [Thread-7/INFO]: paulscode.sound.CommandThread.run(CommandThread.java:121)
[00:47:20] [Sound Library Loader/WARN]: ERROR MESSAGE:
[00:47:20] [Sound Library Loader/INFO]: Could not locate OpenAL library.
[00:47:20] [Sound Library Loader/INFO]: Starting up SoundSystem...
[00:47:21] [Thread-9/INFO]: Switching to No Sound
[00:47:21] [Thread-9/INFO]: (Silent Mode)
[00:47:21] [Sound Library Loader/INFO]: Sound engine started
[00:47:22] [Client thread/INFO]: Created: 1024x512 textures-atlas
[00:47:37] [Server thread/INFO]: Starting integrated minecraft server version 1.8.8
[00:47:37] [Server thread/INFO]: Generating keypair
[00:47:37] [Server thread/INFO]: Preparing start region for level 0
[00:47:38] [Server thread/INFO]: Changing view distance to 8, from 10
[00:47:38] [Server thread/INFO]: Player968[local:E:7c826254] logged in with entity id 190 at (618.6416597500294, 64.88219716780014, 225.50510035959383)
[00:47:38] [Server thread/INFO]: Player968 joined the game
[00:47:39] [Server thread/INFO]: Saving and pausing game...
[00:47:39] [Server thread/INFO]: Saving chunks for level 'mcpworld'/Overworld
[00:47:39] [Server thread/INFO]: Saving chunks for level 'mcpworld'/Nether
[00:47:39] [Server thread/INFO]: Saving chunks for level 'mcpworld'/The End
[00:47:43] [Server thread/INFO]: Saving and pausing game...
[00:47:43] [Server thread/INFO]: Saving chunks for level 'mcpworld'/Overworld
[00:47:43] [Server thread/INFO]: Saving chunks for level 'mcpworld'/Nether
[00:47:43] [Server thread/INFO]: Saving chunks for level 'mcpworld'/The End
[00:49:16] [Server thread/INFO]: Saving and pausing game...
[00:49:16] [Server thread/INFO]: Saving chunks for level 'mcpworld'/Overworld
[00:49:16] [Server thread/INFO]: Saving chunks for level 'mcpworld'/Nether
[00:49:16] [Server thread/INFO]: Saving chunks for level 'mcpworld'/The End
[00:50:06] [Server thread/INFO]: Saving and pausing game...
[00:50:06] [Server thread/INFO]: Saving chunks for level 'mcpworld'/Overworld
[00:50:06] [Server thread/INFO]: Saving chunks for level 'mcpworld'/Nether
[00:50:06] [Server thread/INFO]: Saving chunks for level 'mcpworld'/The End
[00:50:26] [Server thread/INFO]: Saving and pausing game...
[00:50:26] [Server thread/INFO]: Saving chunks for level 'mcpworld'/Overworld
[00:50:26] [Server thread/INFO]: Saving chunks for level 'mcpworld'/Nether
[00:50:26] [Server thread/INFO]: Saving chunks for level 'mcpworld'/The End
[00:51:09] [Server thread/INFO]: Saving and pausing game...
[00:51:09] [Server thread/INFO]: Saving chunks for level 'mcpworld'/Overworld
[00:51:09] [Server thread/INFO]: Saving chunks for level 'mcpworld'/Nether
[00:51:09] [Server thread/INFO]: Saving chunks for level 'mcpworld'/The End
[00:51:25] [Client thread/INFO]: Stopping!
[00:51:25] [Client thread/INFO]: SoundSystem shutting down...
[00:51:25] [Server [00:51:25] [Client thread/INFO]: LWJGL Version: 2.9.4
[00:51:26] [Client thread/INFO]: Reloading ResourceManager: Default
[00:51:26] [Sound Library Loader/INFO]: Starting up SoundSystem...
[00:51:26] [Thread-6/INFO]: Initializing LWJGL OpenAL
[00:51:26] [Thread-6/INFO]: (The LWJGL binding of OpenAL.  For more information, see http://www.lwjgl.org)
[00:51:26] [Thread-6/ERROR]: Error in class 'LibraryLWJGLOpenAL'
[00:51:26] [Thread-6/ERROR]: Unable to initialize OpenAL.  Probable cause: OpenAL not supported.
[00:51:26] [Thread-6/WARN]: ERROR MESSAGE:
[00:51:26] [Thread-6/INFO]: Could not locate OpenAL library.
[00:51:26] [Thread-6/WARN]: STACK TRACE:
[00:51:26] [Thread-6/INFO]: org.lwjgl.openal.AL.create(AL.java:156)
[00:51:26] [Thread-6/INFO]: org.lwjgl.openal.AL.create(AL.java:102)
[00:51:26] [Thread-6/INFO]: org.lwjgl.openal.AL.create(AL.java:206)
[00:51:26] [Thread-6/INFO]: paulscode.sound.libraries.LibraryLWJGLOpenAL.init(LibraryLWJGLOpenAL.java:164)
[00:51:26] [Thread-6/INFO]: paulscode.sound.SoundSystem.CommandNewLibrary(SoundSystem.java:1576)
[00:51:26] [Thread-6/INFO]: paulscode.sound.SoundSystem.CommandQueue(SoundSystem.java:2572)
[00:51:26] [Thread-6/INFO]: paulscode.sound.CommandThread.run(CommandThread.java:121)
[00:51:26] [Sound Library Loader/WARN]: ERROR MESSAGE:
[00:51:26] [Sound Library Loader/INFO]: Could not locate OpenAL library.
[00:51:26] [Sound Library Loader/INFO]: Starting up SoundSystem...
[00:51:27] [Thread-8/INFO]: Switching to No Sound
[00:51:27] [Thread-8/INFO]: (Silent Mode)
[00:51:27] [Sound Library Loader/INFO]: Sound engine started
[00:51:27] [Client thread/INFO]: Created: 1024x512 textures-atlas
[00:51:31] [Server thread/INFO]: Starting integrated minecraft server version 1.8.8
[00:51:31] [Server thread/INFO]: Generating keypair
[00:51:31] [Server thread/INFO]: Preparing start region for level 0
[00:51:31] [Server thread/INFO]: Changing view distance to 8, from 10
[00:51:31] [Server thread/INFO]: Player968[local:E:49c35cd7] logged in with entity id 177 at (536.9699468650956, 71.16610926093821, 267.79791570447327)
[00:51:31] [Server thread/INFO]: Player968 joined the game
[00:51:33] [Server thread/INFO]: Saving and pausing game...
[00:51:33] [Server thread/INFO]: Saving chunks for level 'mcpworld'/Overworld
[00:51:33] [Server thread/INFO]: Saving chunks for level 'mcpworld'/Nether
[00:51:33] [Server thread/INFO]: Saving chunks for level 'mcpworld'/The End
[00:51:43] [Server thread/INFO]: Saving and pausing game...
[00:51:43] [Server thread/INFO]: Saving chunks for level 'mcpworld'/Overworld
[00:51:43] [Server thread/INFO]: Saving chunks for level 'mcpworld'/Nether
[00:51:43] [Server thread/INFO]: Saving chunks for level 'mcpworld'/The End
