[17:11:17] [Client thread/INFO]: Setting user: Player875
[17:11:17] [Client thread/INFO]: (Session ID is token:0:Player875)
[17:11:17] [Client thread/INFO]: LWJGL Version: 2.9.4
[17:11:18] [Client thread/INFO]: Reloading ResourceManager: Default
[17:11:18] [Sound Library Loader/INFO]: Starting up SoundSystem...
[17:11:18] [Thread-8/INFO]: Initializing LWJGL OpenAL
[17:11:18] [Thread-8/INFO]: (The LWJGL binding of OpenAL.  For more information, see http://www.lwjgl.org)
[17:11:18] [Thread-8/ERROR]: Error in class 'LibraryLWJGLOpenAL'
[17:11:18] [Thread-8/ERROR]: Unable to initialize OpenAL.  Probable cause: OpenAL not supported.
[17:11:18] [Thread-8/WARN]: ERROR MESSAGE:
[17:11:18] [Thread-8/INFO]: Could not locate OpenAL library.
[17:11:18] [Thread-8/WARN]: STACK TRACE:
[17:11:18] [Thread-8/INFO]: org.lwjgl.openal.AL.create(AL.java:156)
[17:11:18] [Thread-8/INFO]: org.lwjgl.openal.AL.create(AL.java:102)
[17:11:18] [Thread-8/INFO]: org.lwjgl.openal.AL.create(AL.java:206)
[17:11:18] [Thread-8/INFO]: paulscode.sound.libraries.LibraryLWJGLOpenAL.init(LibraryLWJGLOpenAL.java:164)
[17:11:18] [Thread-8/INFO]: paulscode.sound.SoundSystem.CommandNewLibrary(SoundSystem.java:1576)
[17:11:18] [Thread-8/INFO]: paulscode.sound.SoundSystem.CommandQueue(SoundSystem.java:2572)
[17:11:18] [Thread-8/INFO]: paulscode.sound.CommandThread.run(CommandThread.java:121)
[17:11:19] [Sound Library Loader/WARN]: ERROR MESSAGE:
[17:11:19] [Sound Library Loader/INFO]: Could not locate OpenAL library.
[17:11:19] [Sound Library Loader/INFO]: Starting up SoundSystem...
[17:11:19] [Thread-10/INFO]: Switching to No Sound
[17:11:19] [Thread-10/INFO]: (Silent Mode)
[17:11:19] [Sound Library Loader/INFO]: Sound engine started
[17:11:20] [Client thread/INFO]: Created: 1024x512 textures-atlas
[17:11:31] [Server thread/INFO]: Starting integrated minecraft server version 1.8.8
[17:11:31] [Server thread/INFO]: Generating keypair
[17:11:31] [Server thread/INFO]: Preparing start region for level 0
[17:11:31] [Server thread/INFO]: Changing view distance to 8, from 10
[17:11:31] [Server thread/INFO]: Player875[local:E:d66e196f] logged in with entity id 91 at (698.1768586776283, 71.89044745325997, 1537.8338003057393)
[17:11:31] [Server thread/INFO]: Player875 joined the game
[17:11:43] [Client thread/INFO]: [CHAT] §eYuzuClient§7: Breezily を Rキー に設定しました
