[09:44:17] [Client thread/INFO]: Setting user: Player921
[09:44:17] [Client thread/INFO]: (Session ID is token:0:Player921)
[09:44:17] [Client thread/INFO]: LWJGL Version: 2.9.4
[09:44:18] [Client thread/INFO]: Reloading ResourceManager: Default
[09:44:18] [Sound Library Loader/INFO]: Starting up SoundSystem...
[09:44:18] [Thread-8/INFO]: Initializing LWJGL OpenAL
[09:44:18] [Thread-8/INFO]: (The LWJGL binding of OpenAL.  For more information, see http://www.lwjgl.org)
[09:44:18] [Thread-8/ERROR]: Error in class 'LibraryLWJGLOpenAL'
[09:44:18] [Thread-8/ERROR]: Unable to initialize OpenAL.  Probable cause: OpenAL not supported.
[09:44:18] [Thread-8/WARN]: ERROR MESSAGE:
[09:44:18] [Thread-8/INFO]: Could not locate OpenAL library.
[09:44:18] [Thread-8/WARN]: STACK TRACE:
[09:44:18] [Thread-8/INFO]: org.lwjgl.openal.AL.create(AL.java:156)
[09:44:18] [Thread-8/INFO]: org.lwjgl.openal.AL.create(AL.java:102)
[09:44:18] [Thread-8/INFO]: org.lwjgl.openal.AL.create(AL.java:206)
[09:44:18] [Thread-8/INFO]: paulscode.sound.libraries.LibraryLWJGLOpenAL.init(LibraryLWJGLOpenAL.java:164)
[09:44:18] [Thread-8/INFO]: paulscode.sound.SoundSystem.CommandNewLibrary(SoundSystem.java:1576)
[09:44:18] [Thread-8/INFO]: paulscode.sound.SoundSystem.CommandQueue(SoundSystem.java:2572)
[09:44:18] [Thread-8/INFO]: paulscode.sound.CommandThread.run(CommandThread.java:121)
[09:44:19] [Sound Library Loader/WARN]: ERROR MESSAGE:
[09:44:19] [Sound Library Loader/INFO]: Could not locate OpenAL library.
[09:44:19] [Sound Library Loader/INFO]: Starting up SoundSystem...
[09:44:19] [Thread-10/INFO]: Switching to No Sound
[09:44:19] [Thread-10/INFO]: (Silent Mode)
[09:44:19] [Sound Library Loader/INFO]: Sound engine started
[09:44:20] [Client thread/INFO]: Created: 1024x512 textures-atlas
[09:44:23] [Server thread/INFO]: Starting integrated minecraft server version 1.8.8
[09:44:23] [Server thread/INFO]: Generating keypair
[09:44:23] [Server thread/INFO]: Preparing start region for level 0
[09:44:23] [Server thread/INFO]: Changing view distance to 8, from 10
[09:44:23] [Server thread/INFO]: Player921[local:E:c1293d6c] logged in with entity id 66 at (10372.839790428578, 72.0, 1308.0577711087192)
[09:44:23] [Server thread/INFO]: Player921 joined the game
[09:44:24] [Server thread/INFO]: Saving and pausing game...
[09:44:24] [Server thread/INFO]: Saving chunks for level 'mcpworld'/Overworld
[09:44:24] [Server thread/INFO]: Saving chunks for level 'mcpworld'/Nether
[09:44:24] [Server thread/INFO]: Saving chunks for level 'mcpworld'/The End
[09:44:35] [Server thread/INFO]: Saving and pausing game...
[09:44:35] [Server thread/INFO]: Saving chunks for level 'mcpworld'/Overworld
[09:44:35] [Server thread/INFO]: Saving chunks for level 'mcpworld'/Nether
[09:44:35] [Server thread/INFO]: Saving chunks for level 'mcpworld'/The End
