[22:25:46] [Client thread/INFO]: Setting user: Player15
[22:25:46] [Client thread/INFO]: (Session ID is token:0:Player15)
[22:25:47] [Client thread/INFO]: LWJGL Version: 2.9.4
[22:25:47] [Client thread/INFO]: Reloading ResourceManager: Default
[22:25:48] [Sound Library Loader/INFO]: Starting up SoundSystem...
[22:25:48] [Thread-8/INFO]: Initializing LWJGL OpenAL
[22:25:48] [Thread-8/INFO]: (The LWJGL binding of OpenAL.  For more information, see http://www.lwjgl.org)
[22:25:48] [Thread-8/ERROR]: Error in class 'LibraryLWJGLOpenAL'
[22:25:48] [Thread-8/ERROR]: Unable to initialize OpenAL.  Probable cause: OpenAL not supported.
[22:25:48] [Thread-8/WARN]: ERROR MESSAGE:
[22:25:48] [Thread-8/INFO]: Could not locate OpenAL library.
[22:25:48] [Thread-8/WARN]: STACK TRACE:
[22:25:48] [Thread-8/INFO]: org.lwjgl.openal.AL.create(AL.java:156)
[22:25:48] [Thread-8/INFO]: org.lwjgl.openal.AL.create(AL.java:102)
[22:25:48] [Thread-8/INFO]: org.lwjgl.openal.AL.create(AL.java:206)
[22:25:48] [Thread-8/INFO]: paulscode.sound.libraries.LibraryLWJGLOpenAL.init(LibraryLWJGLOpenAL.java:164)
[22:25:48] [Thread-8/INFO]: paulscode.sound.SoundSystem.CommandNewLibrary(SoundSystem.java:1576)
[22:25:48] [Thread-8/INFO]: paulscode.sound.SoundSystem.CommandQueue(SoundSystem.java:2572)
[22:25:48] [Thread-8/INFO]: paulscode.sound.CommandThread.run(CommandThread.java:121)
[22:25:48] [Sound Library Loader/WARN]: ERROR MESSAGE:
[22:25:48] [Sound Library Loader/INFO]: Could not locate OpenAL library.
[22:25:48] [Sound Library Loader/INFO]: Starting up SoundSystem...
[22:25:49] [Thread-10/INFO]: Switching to No Sound
[22:25:49] [Thread-10/INFO]: (Silent Mode)
[22:25:49] [Sound Library Loader/INFO]: Sound engine started
[22:25:50] [Client thread/INFO]: Created: 1024x512 textures-atlas
[22:25:54] [Server thread/INFO]: Starting integrated minecraft server version 1.8.8
[22:25:54] [Server thread/INFO]: Generating keypair
[22:25:55] [Server thread/INFO]: Preparing start region for level 0
[22:25:55] [Server thread/INFO]: Changing view distance to 8, from 10
[22:25:55] [Server thread/INFO]: Player15[local:E:e8f4eb7b] logged in with entity id 271 at (588.0369362930365, 68.10408037809304, 155.24620408293396)
[22:25:55] [Server thread/INFO]: Player15 joined the game
[22:25:56] [Server thread/INFO]: Saving and pausing game...
[22:25:56] [Server thread/INFO]: Saving chunks for level 'mcpworld'/Overworld
[22:25:56] [Server thread/INFO]: Saving chunks for level 'mcpworld'/Nether
[22:25:56] [Server thread/INFO]: Saving chunks for level 'mcpworld'/The End
[22:26:09] [Client thread/WARN]: Unable to play unknown soundEvent: minecraft:none
[22:26:15] [Client thread/WARN]: Unable to play unknown soundEvent: minecraft:none
[22:26:18] [Server thread/INFO]: Saving and pausing game...
[22:26:18] [Server thread/INFO]: Saving chunks for level 'mcpworld'/Overworld
[22:26:18] [Server thread/INFO]: Saving chunks for level 'mcpworld'/Nether
[22:26:18] [Server thread/INFO]: Saving chunks for level 'mcpworld'/The End
[22:27:16] [Client thread/WARN]: Unable to play unknown soundEvent: minecraft:none
[22:27:25] [Client thread/WARN]: Unable to play unknown soundEvent: minecraft:none
[22:27:33] [Client thread/WARN]: Unable to play unknown soundEvent: minecraft:none
[22:27:42] [Client thread/WARN]: Unable to play unknown soundEvent: minecraft:none
[22:28:09] [Server thread/INFO]: Saving and pausing game...
[22:28:09] [Server thread/INFO]: Saving chunks for level 'mcpworld'/Overworld
[22:28:09] [Server thread/INFO]: Saving chunks for level 'mcpworld'/Nether
[22:28:09] [Server thread/INFO]: Saving chunks for level 'mcpworld'/The End
[22:28:23] [Client thread/INFO]: Stopping!
[22:28:23] [Client thread/INFO]: SoundSystem shutting down...
[22:28:23] [Server thread/INFO]: Stopping server
[22:28:23] [Server thread/INFO]: Saving players
[22:28:23] [Server thread/I[22:28:24] [Client thread/INFO]: LWJGL Version: 2.9.4
[22:28:24] [Client thread/INFO]: Reloading ResourceManager: Default
[22:28:25] [Sound Library Loader/INFO]: Starting up SoundSystem...
[22:28:25] [Thread-7/INFO]: Initializing LWJGL OpenAL
[22:28:25] [Thread-7/INFO]: (The LWJGL binding of OpenAL.  For more information, see http://www.lwjgl.org)
[22:28:25] [Thread-7/ERROR]: Error in class 'LibraryLWJGLOpenAL'
[22:28:25] [Thread-7/ERROR]: Unable to initialize OpenAL.  Probable cause: OpenAL not supported.
[22:28:25] [Thread-7/WARN]: ERROR MESSAGE:
[22:28:25] [Thread-7/INFO]: Could not locate OpenAL library.
[22:28:25] [Thread-7/WARN]: STACK TRACE:
[22:28:25] [Thread-7/INFO]: org.lwjgl.openal.AL.create(AL.java:156)
[22:28:25] [Thread-7/INFO]: org.lwjgl.openal.AL.create(AL.java:102)
[22:28:25] [Thread-7/INFO]: org.lwjgl.openal.AL.create(AL.java:206)
[22:28:25] [Thread-7/INFO]: paulscode.sound.libraries.LibraryLWJGLOpenAL.init(LibraryLWJGLOpenAL.java:164)
[22:28:25] [Thread-7/INFO]: paulscode.sound.SoundSystem.CommandNewLibrary(SoundSystem.java:1576)
[22:28:25] [Thread-7/INFO]: paulscode.sound.SoundSystem.CommandQueue(SoundSystem.java:2572)
[22:28:25] [Thread-7/INFO]: paulscode.sound.CommandThread.run(CommandThread.java:121)
[22:28:25] [Sound Library Loader/WARN]: ERROR MESSAGE:
[22:28:25] [Sound Library Loader/INFO]: Could not locate OpenAL library.
[22:28:25] [Sound Library Loader/INFO]: Starting up SoundSystem...
[22:28:26] [Thread-9/INFO]: Switching to No Sound
[22:28:26] [Thread-9/INFO]: (Silent Mode)
[22:28:26] [Sound Library Loader/INFO]: Sound engine started
[22:28:27] [Client thread/INFO]: Created: 1024x512 textures-atlas
[22:28:31] [Server thread/INFO]: Starting integrated minecraft server version 1.8.8
[22:28:31] [Server thread/INFO]: Generating keypair
[22:28:31] [Server thread/INFO]: Preparing start region for level 0
[22:28:32] [Server thread/INFO]: Changing view distance to 8, from 10
[22:28:32] [Server thread/INFO]: Player937[local:E:d1b86ea6] logged in with entity id 193 at (540.65755208847, 64.0, 166.32686955803814)
[22:28:32] [Server thread/INFO]: Player937 joined the game
[22:28:32] [Server thread/INFO]: Saving and pausing game...
[22:28:32] [Server thread/INFO]: Saving chunks for level 'mcpworld'/Overworld
[22:28:32] [Server thread/INFO]: Saving chunks for level 'mcpworld'/Nether
[22:28:32] [Server thread/INFO]: Saving chunks for level 'mcpworld'/The End
[22:28:45] [Client thread/WARN]: Unable to play unknown soundEvent: minecraft:none
[22:28:53] [Client thread/WARN]: Unable to play unknown soundEvent: minecraft:none
[22:29:01] [Server thread/INFO]: Saving and pausing game...
[22:29:01] [Server thread/INFO]: Saving chunks for level 'mcpworld'/Overworld
[22:29:01] [Server thread/INFO]: Saving chunks for level 'mcpworld'/Nether
[22:29:01] [Server thread/INFO]: Saving chunks for level 'mcpworld'/The End
