[17:26:56] [Client thread/INFO]: Setting user: Player515
[17:26:56] [Client thread/INFO]: (Session ID is token:0:Player515)
[17:26:56] [Client thread/INFO]: LWJGL Version: 2.9.4
[17:26:57] [Client thread/INFO]: Reloading ResourceManager: Default
[17:26:57] [Sound Library Loader/INFO]: Starting up SoundSystem...
[17:26:57] [Thread-8/INFO]: Initializing LWJGL OpenAL
[17:26:57] [Thread-8/INFO]: (The LWJGL binding of OpenAL.  For more information, see http://www.lwjgl.org)
[17:26:57] [Thread-8/ERROR]: Error in class 'LibraryLWJGLOpenAL'
[17:26:57] [Thread-8/ERROR]: Unable to initialize OpenAL.  Probable cause: OpenAL not supported.
[17:26:57] [Thread-8/WARN]: ERROR MESSAGE:
[17:26:57] [Thread-8/INFO]: Could not locate OpenAL library.
[17:26:57] [Thread-8/WARN]: STACK TRACE:
[17:26:57] [Thread-8/INFO]: org.lwjgl.openal.AL.create(AL.java:156)
[17:26:57] [Thread-8/INFO]: org.lwjgl.openal.AL.create(AL.java:102)
[17:26:57] [Thread-8/INFO]: org.lwjgl.openal.AL.create(AL.java:206)
[17:26:57] [Thread-8/INFO]: paulscode.sound.libraries.LibraryLWJGLOpenAL.init(LibraryLWJGLOpenAL.java:164)
[17:26:57] [Thread-8/INFO]: paulscode.sound.SoundSystem.CommandNewLibrary(SoundSystem.java:1576)
[17:26:57] [Thread-8/INFO]: paulscode.sound.SoundSystem.CommandQueue(SoundSystem.java:2572)
[17:26:57] [Thread-8/INFO]: paulscode.sound.CommandThread.run(CommandThread.java:121)
[17:26:58] [Sound Library Loader/WARN]: ERROR MESSAGE:
[17:26:58] [Sound Library Loader/INFO]: Could not locate OpenAL library.
[17:26:58] [Sound Library Loader/INFO]: Starting up SoundSystem...
[17:26:58] [Thread-10/INFO]: Switching to No Sound
[17:26:58] [Thread-10/INFO]: (Silent Mode)
[17:26:58] [Sound Library Loader/INFO]: Sound engine started
[17:26:59] [Client thread/INFO]: Created: 1024x512 textures-atlas
[17:27:07] [Server thread/INFO]: Starting integrated minecraft server version 1.8.8
[17:27:07] [Server thread/INFO]: Generating keypair
[17:27:07] [Server thread/INFO]: Preparing start region for level 0
[17:27:07] [Server thread/INFO]: Changing view distance to 8, from 10
[17:27:08] [Server thread/INFO]: Player515[local:E:184a4708] logged in with entity id 153 at (601.9501398590852, 71.78502770378924, 303.6612446832232)
[17:27:08] [Server thread/INFO]: Player515 joined the game
[17:27:08] [Server thread/INFO]: Saving and pausing game...
[17:27:08] [Server thread/INFO]: Saving chunks for level 'mcpworld'/Overworld
[17:27:08] [Server thread/INFO]: Saving chunks for level 'mcpworld'/Nether
[17:27:08] [Server thread/INFO]: Saving chunks for level 'mcpworld'/The End
[17:27:10] [Server thread/INFO]: Saving and pausing game...
[17:27:10] [Server thread/INFO]: Saving chunks for level 'mcpworld'/Overworld
[17:27:10] [Server thread/INFO]: Saving chunks for level 'mcpworld'/Nether
[17:27:10] [Server thread/INFO]: Saving chunks for level 'mcpworld'/The End
[17:27:12] [Server thread/INFO]: Saving and pausing game...
[17:27:12] [Server thread/INFO]: Saving chunks for level 'mcpworld'/Overworld
[17:27:12] [Server thread/INFO]: Saving chunks for level 'mcpworld'/Nether
[17:27:12] [Server thread/INFO]: Saving chunks for level 'mcpworld'/The End
[17:27:47] [Server thread/INFO]: Saving and pausing game...
[17:27:47] [Server thread/INFO]: Saving chunks for level 'mcpworld'/Overworld
[17:27:47] [Server thread/INFO]: Saving chunks for level 'mcpworld'/Nether
[17:27:47] [Server thread/INFO]: Saving chunks for level 'mcpworld'/The End
[17:27:56] [Server thread/INFO]: Saving and pausing game...
[17:27:56] [Server thread/INFO]: Saving chunks for level 'mcpworld'/Overworld
[17:27:56] [Server thread/INFO]: Saving chunks for level 'mcpworld'/Nether
[17:27:56] [Server thread/INFO]: Saving chunks for level 'mcpworld'/The End
[17:28:03] [Server thread/INFO]: Saving and pausing game...
[17:28:03] [Server thread/INFO]: Saving chunks for level 'mcpworld'/Overworld
[17:28:03] [Server thread/INFO]: Saving chunks for level 'mcpworld'/Nether
[17:28:03] [Server thread/INFO]: Saving chunks for level 'mcpworld'/The End
[17:28:04] [Server thread/INFO]: Saving and pausing game...
[17:28:04] [Server thread/INFO]: Saving chunks for level 'mcpworld'/Overworld
[17:28:04] [Server thread/INFO]: Saving chunks for level 'mcpworld'/Nether
[17:28:04] [Server thread/INFO]: Saving chunks for level 'mcpworld'/The End
[17:28:37] [Server thread/INFO]: Saving and pausing game...
[17:28:37] [Server thread/INFO]: Saving chunks for level 'mcpworld'/Overworld
[17:28:37] [Server thread/INFO]: Saving chunks for level 'mcpworld'/Nether
[17:28:37] [Server thread/INFO]: Saving chunks for level 'mcpworld'/The End
[17:29:35] [Server thread/INFO]: Saving and pausing game...
[17:29:35] [Server thread/INFO]: Saving chunks for level 'mcpworld'/Overworld
[17:29:35] [Server thread/INFO]: Saving chunks for level 'mcpworld'/Nether
[17:29:35] [Server thread/INFO]: Saving chunks for level 'mcpworld'/The End
[17:30:51] [Server thread/INFO]: Saving and pausing game...
[17:30:51] [Server thread/INFO]: Saving chunks for level 'mcpworld'/Overworld
[17:30:51] [Server thread/INFO]: Saving chunks for level 'mcpworld'/Nether
[17:30:51] [Server thread/INFO]: Saving chunks for level 'mcpworld'/The End
